<?xml version="1.0" encoding="UTF-8"?>
<testsuite name="testMain.CalendaryTest" tests="1" skipped="0" failures="0" errors="0" timestamp="2022-10-23T01:39:10" hostname="DESKTOP-URGKKC5" time="36.016">
  <properties/>
  <testcase name="jumpDateRequest()" classname="testMain.CalendaryTest" time="36.016"/>
  <system-out><![CDATA[]]></system-out>
  <system-err><![CDATA[oct. 22, 2022 9:39:20 P. M. io.appium.java_client.remote.AppiumCommandExecutor$1 lambda$0
INFO: Detected dialect: W3C
]]></system-err>
</testsuite>
