<?xml version="1.0" encoding="UTF-8"?>
<testsuite name="testMain.CalendaryTest" tests="1" skipped="0" failures="0" errors="0" timestamp="2022-10-22T20:17:57" hostname="DESKTOP-URGKKC5" time="23.264">
  <properties/>
  <testcase name="jumpDateRequest()" classname="testMain.CalendaryTest" time="23.264"/>
  <system-out><![CDATA[here has got itio.appium.java_client.touch.offset.PointOption@aed0151
]]></system-out>
  <system-err><![CDATA[oct. 22, 2022 4:18:08 P. M. io.appium.java_client.remote.AppiumCommandExecutor$1 lambda$0
INFO: Detected dialect: W3C
]]></system-err>
</testsuite>
